## Footprint report - date 03/01/21 14:04:11
## Created by Pcbnew version pcbnew (5.1.9)-1
## Unit = inches, Angle = deg.

$BeginDESCRIPTION

$BOARD
upper_left_corner  3.045972  0.284996
lower_right_corner  5.741488  5.332000
$EndBOARD

$MODULE "J6"
reference "J6"
value "MPU6050"
footprint "Connector_PinSocket_2.54mm:PinSocket_1x08_P2.54mm_Vertical"
attribut none
position  5.238000  1.915000  orientation 180.00
layer front
$PAD "1"
Shape Rect Layer both
position  0.000000  0.000000  size  0.066929  0.066929  orientation 0.00
drill  0.039370
shape_offset  0.000000  0.000000
$EndPAD
$PAD "2"
Shape Oval Layer both
position  0.000000  0.100000  size  0.066929  0.066929  orientation 0.00
drill  0.039370
shape_offset  0.000000  0.000000
$EndPAD
$PAD "3"
Shape Oval Layer both
position  0.000000  0.200000  size  0.066929  0.066929  orientation 0.00
drill  0.039370
shape_offset  0.000000  0.000000
$EndPAD
$PAD "4"
Shape Oval Layer both
position  0.000000  0.300000  size  0.066929  0.066929  orientation 0.00
drill  0.039370
shape_offset  0.000000  0.000000
$EndPAD
$PAD "5"
Shape Oval Layer both
position  0.000000  0.400000  size  0.066929  0.066929  orientation 0.00
drill  0.039370
shape_offset  0.000000  0.000000
$EndPAD
$PAD "6"
Shape Oval Layer both
position  0.000000  0.500000  size  0.066929  0.066929  orientation 0.00
drill  0.039370
shape_offset  0.000000  0.000000
$EndPAD
$PAD "7"
Shape Oval Layer both
position  0.000000  0.600000  size  0.066929  0.066929  orientation 0.00
drill  0.039370
shape_offset  0.000000  0.000000
$EndPAD
$PAD "8"
Shape Oval Layer both
position  0.000000  0.700000  size  0.066929  0.066929  orientation 0.00
drill  0.039370
shape_offset  0.000000  0.000000
$EndPAD
$EndMODULE  J6

$MODULE "D2"
reference "D2"
value "1N5819"
footprint "Diode_THT:D_DO-41_SOD81_P10.16mm_Horizontal"
attribut none
position  3.538000  3.190000  orientation 270.00
layer front
$PAD "2"
Shape Oval Layer both
position  0.400000  0.000000  size  0.086614  0.086614  orientation 0.00
drill  0.043307
shape_offset  0.000000  0.000000
$EndPAD
$PAD "1"
Shape Rect Layer both
position  0.000000  0.000000  size  0.086614  0.086614  orientation 0.00
drill  0.043307
shape_offset  0.000000  0.000000
$EndPAD
$EndMODULE  D2

$MODULE "G***"
reference "G***"
value "LOGO"
footprint "logo_monitoramento_lorawan:logo_monitoramento_lorawan_pequeno"
attribut none
position  4.870000  1.682000  orientation 90.00
layer front
$EndMODULE  G***

$MODULE "G***"
reference "G***"
value "LOGO"
footprint "logo_monitoramento_lorawan:logo_monitoramento_lorawan"
attribut none
position  4.066000  1.628000  orientation 270.00
layer back
$EndMODULE  G***

$MODULE " "
reference " "
value "Arduino_UNO_R3_OnlyMountingHoles"
footprint "heltec_wifi_lora_v1:Arduino_UNO_R3_OnlyMountingHoles"
attribut none
position  4.050000  1.266000  orientation 0.00
layer front
$PAD ""
Shape Circle Layer both
position -0.602500  1.707500  size  0.125984  0.125984  orientation 0.00
drill  0.125984
shape_offset  0.000000  0.000000
$EndPAD
$PAD ""
Shape Circle Layer both
position  0.497500  1.707500  size  0.125984  0.125984  orientation 0.00
drill  0.125984
shape_offset  0.000000  0.000000
$EndPAD
$PAD ""
Shape Circle Layer both
position  1.097500 -0.292500  size  0.125984  0.125984  orientation 0.00
drill  0.125984
shape_offset  0.000000  0.000000
$EndPAD
$PAD ""
Shape Circle Layer both
position -0.802500 -0.342500  size  0.125984  0.125984  orientation 0.00
drill  0.125984
shape_offset  0.000000  0.000000
$EndPAD
$EndMODULE   

$MODULE "J1"
reference "J1"
value "ENT_DIGITAL"
footprint "Connector_Phoenix_MC_HighVoltage:PhoenixContact_MCV_1,5_2-G-5.08_1x02_P5.08mm_Vertical"
attribut none
position  3.288000  1.690000  orientation 90.00
layer front
$PAD "1"
Shape Roundrect Layer both
position  0.000000  0.000000  size  0.070866  0.141732  orientation 0.00
drill  0.047244
shape_offset  0.000000  0.000000
$EndPAD
$PAD "2"
Shape Oval Layer both
position  0.200000  0.000000  size  0.070866  0.141732  orientation 0.00
drill  0.047244
shape_offset  0.000000  0.000000
$EndPAD
$EndMODULE  J1

$MODULE "J2"
reference "J2"
value "Power"
footprint "Connector_PinHeader_2.54mm:PinHeader_1x03_P2.54mm_Vertical"
attribut none
position  3.238000  0.688000  orientation 90.00
layer front
$PAD "1"
Shape Rect Layer both
position  0.000000  0.000000  size  0.066929  0.066929  orientation 0.00
drill  0.039370
shape_offset  0.000000  0.000000
$EndPAD
$PAD "2"
Shape Oval Layer both
position  0.000000  0.100000  size  0.066929  0.066929  orientation 0.00
drill  0.039370
shape_offset  0.000000  0.000000
$EndPAD
$PAD "3"
Shape Oval Layer both
position  0.000000  0.200000  size  0.066929  0.066929  orientation 0.00
drill  0.039370
shape_offset  0.000000  0.000000
$EndPAD
$EndMODULE  J2

$MODULE "J5"
reference "J5"
value "BAT_HELTEC_CONN"
footprint "Connector_PinHeader_2.54mm:PinHeader_1x02_P2.54mm_Horizontal"
attribut none
position  4.138000  3.390000  orientation 90.00
layer front
$PAD "1"
Shape Rect Layer both
position  0.000000  0.000000  size  0.066929  0.066929  orientation 0.00
drill  0.039370
shape_offset  0.000000  0.000000
$EndPAD
$PAD "2"
Shape Oval Layer both
position  0.000000  0.100000  size  0.066929  0.066929  orientation 0.00
drill  0.039370
shape_offset  0.000000  0.000000
$EndPAD
$EndMODULE  J5

$MODULE "J7"
reference "J7"
value "BMP180"
footprint "Connector_PinSocket_2.54mm:PinSocket_1x04_P2.54mm_Vertical"
attribut none
position  5.238000  2.540000  orientation 180.00
layer front
$PAD "1"
Shape Rect Layer both
position  0.000000  0.000000  size  0.066929  0.066929  orientation 0.00
drill  0.039370
shape_offset  0.000000  0.000000
$EndPAD
$PAD "2"
Shape Oval Layer both
position  0.000000  0.100000  size  0.066929  0.066929  orientation 0.00
drill  0.039370
shape_offset  0.000000  0.000000
$EndPAD
$PAD "3"
Shape Oval Layer both
position  0.000000  0.200000  size  0.066929  0.066929  orientation 0.00
drill  0.039370
shape_offset  0.000000  0.000000
$EndPAD
$PAD "4"
Shape Oval Layer both
position  0.000000  0.300000  size  0.066929  0.066929  orientation 0.00
drill  0.039370
shape_offset  0.000000  0.000000
$EndPAD
$EndMODULE  J7

$MODULE "Q2"
reference "Q2"
value "FQP30N06L"
footprint "fqp30n06l:TO220V"
attribut none
position  3.288000  2.040000  orientation 270.00
layer front
$PAD "1"
Shape Oval Layer both
position -0.100000  0.100000  size  0.060000  0.120000  orientation 0.00
drill  0.040000
shape_offset  0.000000  0.000000
$EndPAD
$PAD "2"
Shape Oval Layer both
position  0.000000  0.100000  size  0.060000  0.120000  orientation 0.00
drill  0.040000
shape_offset  0.000000  0.000000
$EndPAD
$PAD "3"
Shape Oval Layer both
position  0.100000  0.100000  size  0.060000  0.120000  orientation 0.00
drill  0.040000
shape_offset  0.000000  0.000000
$EndPAD
$EndMODULE  Q2

$MODULE "R2"
reference "R2"
value "100k"
footprint "Resistor_THT:R_Axial_DIN0207_L6.3mm_D2.5mm_P10.16mm_Horizontal"
attribut none
position  3.188000  2.340000  orientation 270.00
layer front
$PAD "2"
Shape Oval Layer both
position  0.400000  0.000000  size  0.062992  0.062992  orientation 0.00
drill  0.031496
shape_offset  0.000000  0.000000
$EndPAD
$PAD "1"
Shape Circle Layer both
position  0.000000  0.000000  size  0.062992  0.062992  orientation 0.00
drill  0.031496
shape_offset  0.000000  0.000000
$EndPAD
$EndMODULE  R2

$MODULE "R3"
reference "R3"
value "100k"
footprint "Resistor_THT:R_Axial_DIN0207_L6.3mm_D2.5mm_P10.16mm_Horizontal"
attribut none
position  3.338000  2.740000  orientation 90.00
layer front
$PAD "1"
Shape Circle Layer both
position  0.000000  0.000000  size  0.062992  0.062992  orientation 0.00
drill  0.031496
shape_offset  0.000000  0.000000
$EndPAD
$PAD "2"
Shape Oval Layer both
position  0.400000  0.000000  size  0.062992  0.062992  orientation 0.00
drill  0.031496
shape_offset  0.000000  0.000000
$EndPAD
$EndMODULE  R3

$MODULE "R4"
reference "R4"
value "470k"
footprint "Resistor_THT:R_Axial_DIN0207_L6.3mm_D2.5mm_P10.16mm_Horizontal"
attribut none
position  3.988000  3.240000  orientation 90.00
layer front
$PAD "2"
Shape Oval Layer both
position  0.400000  0.000000  size  0.062992  0.062992  orientation 0.00
drill  0.031496
shape_offset  0.000000  0.000000
$EndPAD
$PAD "1"
Shape Circle Layer both
position  0.000000  0.000000  size  0.062992  0.062992  orientation 0.00
drill  0.031496
shape_offset  0.000000  0.000000
$EndPAD
$EndMODULE  R4

$MODULE "R5"
reference "R5"
value "100k"
footprint "Resistor_THT:R_Axial_DIN0207_L6.3mm_D2.5mm_P10.16mm_Horizontal"
attribut none
position  3.863000  2.840000  orientation 270.00
layer front
$PAD "1"
Shape Circle Layer both
position  0.000000  0.000000  size  0.062992  0.062992  orientation 0.00
drill  0.031496
shape_offset  0.000000  0.000000
$EndPAD
$PAD "2"
Shape Oval Layer both
position  0.400000  0.000000  size  0.062992  0.062992  orientation 0.00
drill  0.031496
shape_offset  0.000000  0.000000
$EndPAD
$EndMODULE  R5

$MODULE "U1"
reference "U1"
value "Heltec_Wifi_LoRa_V1"
footprint "heltec_wifi_lora_v1:Heltec_WiFi_LoRa_V1"
attribut none
position  4.088000  1.790000  orientation 0.00
layer front
$PAD "1"
Shape Circle Layer both
position -0.500000 -1.000000  size  0.060000  0.060000  orientation 0.00
drill  0.035433
shape_offset  0.000000  0.000000
$EndPAD
$PAD "2"
Shape Circle Layer both
position -0.500000 -0.900000  size  0.060000  0.060000  orientation 0.00
drill  0.035433
shape_offset  0.000000  0.000000
$EndPAD
$PAD "3"
Shape Circle Layer both
position -0.500000 -0.800000  size  0.060000  0.060000  orientation 0.00
drill  0.035433
shape_offset  0.000000  0.000000
$EndPAD
$PAD "4"
Shape Circle Layer both
position -0.500000 -0.700000  size  0.060000  0.060000  orientation 0.00
drill  0.035433
shape_offset  0.000000  0.000000
$EndPAD
$PAD "5"
Shape Circle Layer both
position -0.500000 -0.600000  size  0.060000  0.060000  orientation 0.00
drill  0.035433
shape_offset  0.000000  0.000000
$EndPAD
$PAD "6"
Shape Circle Layer both
position -0.500000 -0.500000  size  0.060000  0.060000  orientation 0.00
drill  0.035433
shape_offset  0.000000  0.000000
$EndPAD
$PAD "7"
Shape Circle Layer both
position -0.500000 -0.400000  size  0.060000  0.060000  orientation 0.00
drill  0.035433
shape_offset  0.000000  0.000000
$EndPAD
$PAD "8"
Shape Circle Layer both
position -0.500000 -0.300000  size  0.060000  0.060000  orientation 0.00
drill  0.035433
shape_offset  0.000000  0.000000
$EndPAD
$PAD "9"
Shape Circle Layer both
position -0.500000 -0.200000  size  0.060000  0.060000  orientation 0.00
drill  0.035433
shape_offset  0.000000  0.000000
$EndPAD
$PAD "10"
Shape Circle Layer both
position -0.500000 -0.100000  size  0.060000  0.060000  orientation 0.00
drill  0.035433
shape_offset  0.000000  0.000000
$EndPAD
$PAD "11"
Shape Circle Layer both
position -0.500000  0.000000  size  0.060000  0.060000  orientation 0.00
drill  0.035433
shape_offset  0.000000  0.000000
$EndPAD
$PAD "12"
Shape Circle Layer both
position -0.500000  0.100000  size  0.060000  0.060000  orientation 0.00
drill  0.035433
shape_offset  0.000000  0.000000
$EndPAD
$PAD "13"
Shape Circle Layer both
position -0.500000  0.200000  size  0.060000  0.060000  orientation 0.00
drill  0.035433
shape_offset  0.000000  0.000000
$EndPAD
$PAD "14"
Shape Circle Layer both
position -0.500000  0.300000  size  0.060000  0.060000  orientation 0.00
drill  0.035433
shape_offset  0.000000  0.000000
$EndPAD
$PAD "15"
Shape Circle Layer both
position -0.500000  0.400000  size  0.060000  0.060000  orientation 0.00
drill  0.035433
shape_offset  0.000000  0.000000
$EndPAD
$PAD "16"
Shape Circle Layer both
position -0.500000  0.500000  size  0.060000  0.060000  orientation 0.00
drill  0.035433
shape_offset  0.000000  0.000000
$EndPAD
$PAD "17"
Shape Circle Layer both
position -0.500000  0.600000  size  0.060000  0.060000  orientation 0.00
drill  0.035433
shape_offset  0.000000  0.000000
$EndPAD
$PAD "18"
Shape Circle Layer both
position -0.500000  0.700000  size  0.060000  0.060000  orientation 0.00
drill  0.035433
shape_offset  0.000000  0.000000
$EndPAD
$PAD "19"
Shape Circle Layer both
position  0.442500  0.700000  size  0.060000  0.060000  orientation 0.00
drill  0.035433
shape_offset  0.000000  0.000000
$EndPAD
$PAD "20"
Shape Circle Layer both
position  0.442500  0.600000  size  0.060000  0.060000  orientation 0.00
drill  0.035433
shape_offset  0.000000  0.000000
$EndPAD
$PAD "21"
Shape Circle Layer both
position  0.442500  0.500000  size  0.060000  0.060000  orientation 0.00
drill  0.035433
shape_offset  0.000000  0.000000
$EndPAD
$PAD "22"
Shape Circle Layer both
position  0.442500  0.400000  size  0.060000  0.060000  orientation 0.00
drill  0.035433
shape_offset  0.000000  0.000000
$EndPAD
$PAD "23"
Shape Circle Layer both
position  0.442500  0.300000  size  0.060000  0.060000  orientation 0.00
drill  0.035433
shape_offset  0.000000  0.000000
$EndPAD
$PAD "24"
Shape Circle Layer both
position  0.442500  0.200000  size  0.060000  0.060000  orientation 0.00
drill  0.035433
shape_offset  0.000000  0.000000
$EndPAD
$PAD "25"
Shape Circle Layer both
position  0.442500  0.100000  size  0.060000  0.060000  orientation 0.00
drill  0.035433
shape_offset  0.000000  0.000000
$EndPAD
$PAD "26"
Shape Circle Layer both
position  0.442500  0.000000  size  0.060000  0.060000  orientation 0.00
drill  0.035433
shape_offset  0.000000  0.000000
$EndPAD
$PAD "27"
Shape Circle Layer both
position  0.442500 -0.100000  size  0.060000  0.060000  orientation 0.00
drill  0.035433
shape_offset  0.000000  0.000000
$EndPAD
$PAD "28"
Shape Circle Layer both
position  0.442500 -0.202500  size  0.060000  0.060000  orientation 0.00
drill  0.035433
shape_offset  0.000000  0.000000
$EndPAD
$PAD "29"
Shape Circle Layer both
position  0.442500 -0.302500  size  0.060000  0.060000  orientation 0.00
drill  0.035433
shape_offset  0.000000  0.000000
$EndPAD
$PAD "30"
Shape Circle Layer both
position  0.442500 -0.402500  size  0.060000  0.060000  orientation 0.00
drill  0.035433
shape_offset  0.000000  0.000000
$EndPAD
$PAD "31"
Shape Circle Layer both
position  0.442500 -0.502500  size  0.060000  0.060000  orientation 0.00
drill  0.035433
shape_offset  0.000000  0.000000
$EndPAD
$PAD "32"
Shape Circle Layer both
position  0.442500 -0.602500  size  0.060000  0.060000  orientation 0.00
drill  0.035433
shape_offset  0.000000  0.000000
$EndPAD
$PAD "33"
Shape Circle Layer both
position  0.442500 -0.702500  size  0.060000  0.060000  orientation 0.00
drill  0.035433
shape_offset  0.000000  0.000000
$EndPAD
$PAD "34"
Shape Circle Layer both
position  0.442500 -0.802500  size  0.060000  0.060000  orientation 0.00
drill  0.035433
shape_offset  0.000000  0.000000
$EndPAD
$PAD "35"
Shape Circle Layer both
position  0.442500 -0.900000  size  0.060000  0.060000  orientation 0.00
drill  0.035433
shape_offset  0.000000  0.000000
$EndPAD
$PAD "36"
Shape Circle Layer both
position  0.442500 -1.000000  size  0.060000  0.060000  orientation 0.00
drill  0.035433
shape_offset  0.000000  0.000000
$EndPAD
$EndMODULE  U1

$MODULE "J3"
reference "J3"
value "TESTE_TENSAO"
footprint "TestPoint:TestPoint_2Pads_Pitch2.54mm_Drill0.8mm"
attribut virtual
position  5.238000  2.790000  orientation 270.00
layer front
$PAD "1"
Shape Circle Layer both
position  0.000000  0.000000  size  0.055118  0.055118  orientation 0.00
drill  0.031496
shape_offset  0.000000  0.000000
$EndPAD
$PAD "2"
Shape Circle Layer both
position  0.100000  0.000000  size  0.055118  0.055118  orientation 0.00
drill  0.031496
shape_offset  0.000000  0.000000
$EndPAD
$EndMODULE  J3

$MODULE "C1"
reference "C1"
value "0.33uF"
footprint "Capacitor_THT:CP_Radial_D5.0mm_P2.00mm"
attribut none
position  3.863000  3.440000  orientation 0.00
layer front
$PAD "1"
Shape Rect Layer both
position  0.000000  0.000000  size  0.062992  0.062992  orientation 0.00
drill  0.031496
shape_offset  0.000000  0.000000
$EndPAD
$PAD "2"
Shape Circle Layer both
position  0.078740  0.000000  size  0.062992  0.062992  orientation 0.00
drill  0.031496
shape_offset  0.000000  0.000000
$EndPAD
$EndMODULE  C1

$MODULE "D1"
reference "D1"
value "1N5819"
footprint "Diode_THT:D_DO-41_SOD81_P10.16mm_Horizontal"
attribut none
position  3.388000  3.190000  orientation 270.00
layer front
$PAD "1"
Shape Rect Layer both
position  0.000000  0.000000  size  0.086614  0.086614  orientation 0.00
drill  0.043307
shape_offset  0.000000  0.000000
$EndPAD
$PAD "2"
Shape Oval Layer both
position  0.400000  0.000000  size  0.086614  0.086614  orientation 0.00
drill  0.043307
shape_offset  0.000000  0.000000
$EndPAD
$EndMODULE  D1

$MODULE "D3"
reference "D3"
value "1N5819"
footprint "Diode_THT:D_DO-41_SOD81_P10.16mm_Horizontal"
attribut none
position  3.688000  3.190000  orientation 270.00
layer front
$PAD "1"
Shape Rect Layer both
position  0.000000  0.000000  size  0.086614  0.086614  orientation 0.00
drill  0.043307
shape_offset  0.000000  0.000000
$EndPAD
$PAD "2"
Shape Oval Layer both
position  0.400000  0.000000  size  0.086614  0.086614  orientation 0.00
drill  0.043307
shape_offset  0.000000  0.000000
$EndPAD
$EndMODULE  D3

$MODULE "J8"
reference "J8"
value "Renewable energy"
footprint "Connector_PinHeader_2.54mm:PinHeader_1x04_P2.54mm_Vertical"
attribut none
position  5.238000  3.740000  orientation 180.00
layer front
$PAD "4"
Shape Oval Layer both
position  0.000000  0.300000  size  0.066929  0.066929  orientation 0.00
drill  0.039370
shape_offset  0.000000  0.000000
$EndPAD
$PAD "3"
Shape Oval Layer both
position  0.000000  0.200000  size  0.066929  0.066929  orientation 0.00
drill  0.039370
shape_offset  0.000000  0.000000
$EndPAD
$PAD "2"
Shape Oval Layer both
position  0.000000  0.100000  size  0.066929  0.066929  orientation 0.00
drill  0.039370
shape_offset  0.000000  0.000000
$EndPAD
$PAD "1"
Shape Rect Layer both
position  0.000000  0.000000  size  0.066929  0.066929  orientation 0.00
drill  0.039370
shape_offset  0.000000  0.000000
$EndPAD
$EndMODULE  J8

$MODULE "U2"
reference "U2"
value "LM7805_TO220"
footprint "Package_TO_SOT_THT:TO-220-3_Vertical"
attribut none
position  3.188000  2.992000  orientation 270.00
layer front
$PAD "1"
Shape Rect Layer both
position  0.000000  0.000000  size  0.075000  0.078740  orientation 0.00
drill  0.043307
shape_offset  0.000000  0.000000
$EndPAD
$PAD "2"
Shape Oval Layer both
position  0.100000  0.000000  size  0.075000  0.078740  orientation 0.00
drill  0.043307
shape_offset  0.000000  0.000000
$EndPAD
$PAD "3"
Shape Oval Layer both
position  0.200000  0.000000  size  0.075000  0.078740  orientation 0.00
drill  0.043307
shape_offset  0.000000  0.000000
$EndPAD
$EndMODULE  U2

$MODULE "J4"
reference "J4"
value "BAT_EXT_JST_1.25mm"
footprint "Connector_PinHeader_1.27mm:PinHeader_1x02_P1.27mm_Vertical"
attribut none
position  5.238000  3.215000  orientation 180.00
layer front
$PAD "1"
Shape Rect Layer both
position  0.000000  0.000000  size  0.039370  0.039370  orientation 0.00
drill  0.025591
shape_offset  0.000000  0.000000
$EndPAD
$PAD "2"
Shape Oval Layer both
position  0.000000  0.050000  size  0.039370  0.039370  orientation 0.00
drill  0.025591
shape_offset  0.000000  0.000000
$EndPAD
$EndMODULE  J4

$MODULE "C2"
reference "C2"
value "0.1uF"
footprint "Capacitor_THT:C_Disc_D5.1mm_W3.2mm_P5.00mm"
attribut none
position  3.188000  3.390000  orientation 270.00
layer front
$PAD "1"
Shape Circle Layer both
position  0.000000  0.000000  size  0.062992  0.062992  orientation 0.00
drill  0.031496
shape_offset  0.000000  0.000000
$EndPAD
$PAD "2"
Shape Circle Layer both
position  0.196850  0.000000  size  0.062992  0.062992  orientation 0.00
drill  0.031496
shape_offset  0.000000  0.000000
$EndPAD
$EndMODULE  C2

$MODULE "C4"
reference "C4"
value "0.1uF"
footprint "Capacitor_THT:C_Disc_D5.1mm_W3.2mm_P5.00mm"
attribut none
position  3.388000  1.140000  orientation 180.00
layer front
$PAD "2"
Shape Circle Layer both
position  0.196850  0.000000  size  0.062992  0.062992  orientation 0.00
drill  0.031496
shape_offset  0.000000  0.000000
$EndPAD
$PAD "1"
Shape Circle Layer both
position  0.000000  0.000000  size  0.062992  0.062992  orientation 0.00
drill  0.031496
shape_offset  0.000000  0.000000
$EndPAD
$EndMODULE  C4

$MODULE "C5"
reference "C5"
value "0.1uF"
footprint "Capacitor_THT:C_Disc_D5.1mm_W3.2mm_P5.00mm"
attribut none
position  4.763000  0.986850  orientation 90.00
layer front
$PAD "1"
Shape Circle Layer both
position  0.000000  0.000000  size  0.062992  0.062992  orientation 0.00
drill  0.031496
shape_offset  0.000000  0.000000
$EndPAD
$PAD "2"
Shape Circle Layer both
position  0.196850  0.000000  size  0.062992  0.062992  orientation 0.00
drill  0.031496
shape_offset  0.000000  0.000000
$EndPAD
$EndMODULE  C5

$MODULE "C6"
reference "C6"
value "0.1uF"
footprint "Capacitor_THT:C_Disc_D5.1mm_W3.2mm_P5.00mm"
attribut none
position  4.938000  0.990000  orientation 90.00
layer front
$PAD "2"
Shape Circle Layer both
position  0.196850  0.000000  size  0.062992  0.062992  orientation 0.00
drill  0.031496
shape_offset  0.000000  0.000000
$EndPAD
$PAD "1"
Shape Circle Layer both
position  0.000000  0.000000  size  0.062992  0.062992  orientation 0.00
drill  0.031496
shape_offset  0.000000  0.000000
$EndPAD
$EndMODULE  C6

$MODULE "C7"
reference "C7"
value "0.1uF"
footprint "Capacitor_THT:C_Disc_D5.1mm_W3.2mm_P5.00mm"
attribut none
position  3.388000  1.290000  orientation 180.00
layer front
$PAD "1"
Shape Circle Layer both
position  0.000000  0.000000  size  0.062992  0.062992  orientation 0.00
drill  0.031496
shape_offset  0.000000  0.000000
$EndPAD
$PAD "2"
Shape Circle Layer both
position  0.196850  0.000000  size  0.062992  0.062992  orientation 0.00
drill  0.031496
shape_offset  0.000000  0.000000
$EndPAD
$EndMODULE  C7

$EndDESCRIPTION
